SF:lib\domain\usecases\get_now_playing_series.dart
DA:9,1
DA:11,1
DA:12,2
LF:3
LH:3
end_of_record
SF:lib\domain\usecases\get_popular_series.dart
DA:9,1
DA:11,1
DA:12,2
LF:3
LH:3
end_of_record
SF:lib\domain\usecases\get_season_detail.dart
DA:9,1
DA:11,1
DA:12,2
LF:3
LH:3
end_of_record
SF:lib\domain\usecases\get_series_detail.dart
DA:9,1
DA:11,1
DA:12,2
LF:3
LH:3
end_of_record
SF:lib\domain\usecases\get_series_recommendations.dart
DA:9,1
DA:11,1
DA:12,2
LF:3
LH:3
end_of_record
SF:lib\domain\usecases\get_top_rated_series.dart
DA:9,1
DA:11,1
DA:12,2
LF:3
LH:3
end_of_record
SF:lib\domain\usecases\get_watchlist_series.dart
DA:9,1
DA:11,1
DA:12,2
LF:3
LH:3
end_of_record
SF:lib\domain\usecases\get_watchlist_series_status.dart
DA:6,1
DA:8,1
DA:9,2
LF:3
LH:3
end_of_record
SF:lib\domain\usecases\remove_watchlist_series.dart
DA:9,1
DA:11,1
DA:12,2
LF:3
LH:3
end_of_record
SF:lib\domain\usecases\save_watchlist_series.dart
DA:9,1
DA:11,1
DA:12,2
LF:3
LH:3
end_of_record
SF:lib\domain\usecases\search_series.dart
DA:9,1
DA:11,1
DA:12,2
LF:3
LH:3
end_of_record
SF:lib\presentation\blocs\detail\detail_series_event.dart
DA:4,2
DA:6,0
DA:7,0
DA:13,2
DA:15,0
DA:16,0
LF:6
LH:2
end_of_record
SF:lib\presentation\blocs\detail\detail_series_state.dart
DA:4,3
DA:6,1
DA:7,1
DA:17,3
DA:19,1
DA:20,2
DA:26,3
DA:28,1
DA:29,2
LF:9
LH:9
end_of_record
SF:lib\presentation\blocs\detail\detail_series_bloc.dart
DA:13,1
DA:15,2
DA:16,2
DA:17,2
DA:19,1
DA:20,2
DA:22,1
DA:23,4
DA:24,3
LF:9
LH:9
end_of_record
SF:lib\presentation\blocs\now_playing\now_playing_series_bloc.dart
DA:13,1
DA:14,2
DA:15,2
DA:16,2
DA:18,2
DA:20,1
DA:21,4
DA:22,3
LF:8
LH:8
end_of_record
SF:lib\presentation\blocs\now_playing\now_playing_series_state.dart
DA:4,4
DA:6,1
DA:7,1
DA:17,3
DA:19,1
DA:20,2
DA:26,2
DA:28,1
DA:29,2
LF:9
LH:9
end_of_record
SF:lib\presentation\blocs\now_playing\now_playing_series_event.dart
DA:4,2
LF:1
LH:1
end_of_record
SF:lib\presentation\blocs\popular\popular_series_bloc.dart
DA:13,1
DA:14,2
DA:15,2
DA:16,2
DA:18,2
DA:20,1
DA:21,4
DA:22,3
LF:8
LH:8
end_of_record
SF:lib\presentation\blocs\popular\popular_series_event.dart
DA:4,2
LF:1
LH:1
end_of_record
SF:lib\presentation\blocs\popular\popular_series_state.dart
DA:4,4
DA:6,1
DA:7,1
DA:17,3
DA:19,1
DA:20,2
DA:26,2
DA:28,1
DA:29,2
LF:9
LH:9
end_of_record
SF:lib\presentation\blocs\recommendation\recommendation_series_bloc.dart
DA:13,1
DA:14,2
DA:15,2
DA:16,2
DA:18,1
DA:19,2
DA:21,1
DA:22,4
DA:23,1
DA:24,1
DA:25,2
DA:27,2
LF:12
LH:12
end_of_record
SF:lib\presentation\blocs\recommendation\recommendation_series_event.dart
DA:4,2
DA:14,2
LF:2
LH:2
end_of_record
SF:lib\presentation\blocs\recommendation\recommendation_series_state.dart
DA:4,4
DA:6,1
DA:7,1
DA:17,3
DA:19,1
DA:20,2
DA:26,2
DA:28,1
DA:29,2
LF:9
LH:9
end_of_record
SF:lib\presentation\blocs\season_detail\season_detail_event.dart
DA:4,2
DA:15,2
LF:2
LH:2
end_of_record
SF:lib\presentation\blocs\season_detail\season_detail_bloc.dart
DA:12,3
DA:13,2
DA:14,2
DA:16,2
DA:17,1
DA:18,1
DA:21,1
DA:22,4
DA:23,3
LF:9
LH:9
end_of_record
SF:lib\presentation\blocs\season_detail\season_detail_state.dart
DA:4,4
DA:6,1
DA:7,1
DA:17,3
DA:19,1
DA:20,2
DA:26,3
DA:28,1
DA:29,2
LF:9
LH:9
end_of_record
SF:lib\presentation\blocs\search\search_series_state.dart
DA:4,4
DA:6,1
DA:7,1
DA:19,3
DA:21,1
DA:22,2
DA:28,2
DA:30,1
DA:31,2
LF:9
LH:9
end_of_record
SF:lib\presentation\blocs\search\search_series_event.dart
DA:4,2
DA:14,2
LF:2
LH:2
end_of_record
SF:lib\presentation\blocs\search\search_series_bloc.dart
DA:14,3
DA:15,2
DA:16,1
DA:18,2
DA:20,2
DA:21,1
DA:22,1
DA:23,3
DA:25,1
DA:26,1
DA:27,2
DA:29,2
DA:33,1
DA:36,1
DA:37,3
LF:15
LH:15
end_of_record
SF:lib\presentation\blocs\top_rated\top_rated_series_bloc.dart
DA:13,1
DA:14,2
DA:15,2
DA:16,2
DA:18,2
DA:20,1
DA:21,4
DA:22,3
LF:8
LH:8
end_of_record
SF:lib\presentation\blocs\top_rated\top_rated_series_state.dart
DA:4,4
DA:6,1
DA:7,1
DA:17,3
DA:19,1
DA:20,2
DA:26,2
DA:28,1
DA:29,2
LF:9
LH:9
end_of_record
SF:lib\presentation\blocs\top_rated\top_rated_series_event.dart
DA:4,2
LF:1
LH:1
end_of_record
SF:lib\presentation\blocs\watchlist\watchlist_series_state.dart
DA:4,4
DA:6,1
DA:7,1
DA:17,3
DA:19,1
DA:20,2
DA:26,2
DA:28,1
DA:29,2
LF:9
LH:9
end_of_record
SF:lib\presentation\blocs\watchlist\watchlist_series_event.dart
DA:4,2
LF:1
LH:1
end_of_record
SF:lib\presentation\blocs\watchlist\watchlist_series_bloc.dart
DA:13,1
DA:14,2
DA:15,2
DA:16,2
DA:18,2
DA:20,1
DA:21,4
DA:22,1
DA:23,1
DA:24,2
DA:26,2
LF:11
LH:11
end_of_record
SF:lib\presentation\blocs\watchlist_status\watchlist_status_series_bloc.dart
DA:20,1
DA:24,1
DA:26,2
DA:27,1
DA:28,1
DA:30,2
DA:31,2
DA:33,1
DA:34,1
DA:35,2
DA:37,1
DA:40,1
DA:41,2
DA:49,2
DA:50,1
DA:51,1
DA:53,2
DA:54,2
DA:56,1
DA:57,1
DA:58,2
DA:60,1
DA:63,1
DA:64,2
DA:72,2
DA:73,1
DA:74,2
DA:76,2
LF:28
LH:28
end_of_record
SF:lib\presentation\blocs\watchlist_status\watchlist_status_series_event.dart
DA:4,2
DA:14,2
DA:24,2
DA:34,2
LF:4
LH:4
end_of_record
SF:lib\presentation\blocs\watchlist_status\watchlist_status_series_state.dart
DA:7,5
DA:12,1
DA:13,3
LF:3
LH:3
end_of_record
SF:lib\presentation\pages\now_playing_series_page.dart
DA:7,1
DA:9,1
DA:10,1
DA:14,1
DA:16,1
DA:17,1
DA:18,5
DA:21,1
DA:23,1
DA:24,1
DA:27,1
DA:29,1
DA:30,1
DA:31,1
DA:35,1
DA:36,1
DA:37,1
DA:38,2
DA:39,1
DA:41,2
DA:43,1
DA:44,1
DA:46,2
LF:23
LH:23
end_of_record
SF:lib\presentation\widget\series_card_list.dart
DA:9,5
DA:11,5
DA:13,5
DA:15,5
DA:16,0
DA:17,0
DA:20,0
DA:23,5
DA:25,5
DA:26,5
DA:27,5
DA:33,5
DA:35,5
DA:36,5
DA:37,10
DA:40,5
DA:43,5
DA:44,10
DA:52,5
DA:57,5
DA:59,5
DA:60,15
DA:62,5
DA:65,0
LF:24
LH:20
end_of_record
SF:lib\presentation\pages\popular_series_page.dart
DA:7,1
DA:9,1
DA:10,1
DA:14,1
DA:16,1
DA:17,1
DA:18,5
DA:21,1
DA:23,1
DA:24,1
DA:27,1
DA:29,1
DA:30,1
DA:31,1
DA:35,1
DA:36,1
DA:37,1
DA:38,2
DA:39,1
DA:41,2
DA:43,1
DA:44,1
DA:46,2
LF:23
LH:23
end_of_record
SF:lib\presentation\pages\season_detail_page.dart
DA:12,1
DA:18,1
DA:19,1
DA:23,1
DA:25,1
DA:26,1
DA:27,5
DA:28,2
DA:29,2
DA:34,1
DA:36,1
DA:37,1
DA:38,1
DA:39,1
DA:40,1
DA:41,1
DA:42,1
DA:44,1
DA:45,1
DA:46,1
DA:47,2
DA:49,1
DA:50,3
DA:51,2
DA:56,1
DA:61,1
DA:62,1
DA:63,1
DA:67,1
DA:68,2
DA:69,1
DA:74,1
DA:75,1
DA:76,1
DA:77,1
DA:78,1
DA:82,1
DA:83,1
DA:85,2
DA:101,1
DA:106,1
DA:108,1
DA:110,1
DA:111,1
DA:113,1
DA:115,1
DA:116,1
DA:118,1
DA:119,1
DA:121,1
DA:122,1
DA:123,1
DA:127,2
DA:128,2
DA:129,1
DA:130,1
DA:133,0
DA:142,1
DA:143,1
DA:145,1
DA:147,1
DA:148,1
DA:149,3
DA:153,1
DA:154,2
DA:155,1
DA:165,1
DA:167,1
DA:168,2
LF:69
LH:68
end_of_record
SF:lib\presentation\pages\search_series_page.dart
DA:8,1
DA:10,1
DA:12,1
DA:13,1
DA:16,1
DA:18,1
DA:20,1
DA:21,1
DA:22,1
DA:24,1
DA:25,2
DA:37,1
DA:39,1
DA:41,1
DA:42,1
DA:43,1
DA:47,1
DA:48,1
DA:49,1
DA:50,1
DA:52,1
DA:53,1
DA:54,1
DA:56,1
DA:59,1
DA:60,1
DA:61,1
DA:62,1
DA:64,1
DA:67,2
DA:72,1
DA:73,1
DA:74,1
DA:76,2
DA:80,2
LF:35
LH:35
end_of_record
SF:lib\presentation\pages\top_rated_series_page.dart
DA:7,1
DA:10,1
DA:11,1
DA:15,1
DA:17,1
DA:18,1
DA:19,5
DA:22,1
DA:24,1
DA:25,1
DA:28,1
DA:30,1
DA:31,1
DA:32,1
DA:36,1
DA:37,1
DA:38,1
DA:39,2
DA:40,1
DA:42,2
DA:44,1
DA:45,1
DA:47,2
LF:23
LH:23
end_of_record
SF:lib\presentation\pages\series_detail_page.dart
DA:16,1
DA:18,1
DA:19,1
DA:23,1
DA:25,1
DA:26,2
DA:27,2
DA:28,4
DA:29,4
DA:30,4
DA:34,1
DA:36,1
DA:37,1
DA:38,1
DA:39,1
DA:43,1
DA:44,1
DA:45,2
DA:47,1
DA:48,1
DA:49,2
DA:52,0
DA:63,1
DA:65,1
DA:67,3
DA:68,1
DA:69,1
DA:70,1
DA:71,3
DA:73,1
DA:76,0
DA:78,1
DA:80,1
DA:81,1
DA:82,1
DA:92,1
DA:93,1
DA:94,1
DA:96,1
DA:98,1
DA:100,1
DA:101,1
DA:102,2
DA:103,1
DA:105,1
DA:106,1
DA:107,2
DA:108,2
DA:109,2
DA:110,2
DA:111,3
DA:114,1
DA:116,1
DA:117,1
DA:118,2
DA:124,1
DA:125,5
DA:126,1
DA:127,1
DA:129,1
DA:130,1
DA:132,1
DA:133,3
DA:136,1
DA:137,3
DA:140,1
DA:142,1
DA:143,1
DA:152,1
DA:153,3
DA:155,1
DA:156,1
DA:157,1
DA:158,3
DA:160,1
DA:166,4
DA:170,1
DA:172,1
DA:174,1
DA:175,2
DA:178,1
DA:180,1
DA:182,1
DA:183,2
DA:184,2
DA:187,1
DA:189,1
DA:191,1
DA:192,1
DA:193,1
DA:197,1
DA:198,1
DA:199,1
DA:201,1
DA:202,1
DA:203,2
DA:205,1
DA:206,1
DA:207,1
DA:208,1
DA:209,1
DA:212,1
DA:213,1
DA:224,0
DA:232,1
DA:234,1
DA:249,1
DA:251,1
DA:254,1
DA:256,0
DA:257,0
DA:266,1
DA:268,2
DA:269,3
DA:272,1
DA:276,3
DA:283,1
DA:285,1
DA:287,1
DA:289,1
DA:291,1
DA:292,2
DA:293,1
DA:295,1
DA:296,0
DA:297,0
DA:300,0
DA:303,1
DA:307,1
DA:309,2
DA:310,1
DA:316,0
DA:323,2
DA:333,1
DA:339,1
DA:341,1
DA:343,1
DA:345,1
DA:346,2
DA:347,1
DA:349,1
DA:350,0
DA:353,0
DA:354,0
DA:355,0
DA:358,1
DA:360,1
DA:361,1
DA:362,1
DA:364,1
DA:365,1
DA:366,1
DA:368,1
DA:369,1
DA:370,1
DA:371,1
DA:372,1
DA:373,1
DA:376,1
DA:381,0
DA:382,0
DA:392,1
DA:394,1
DA:396,1
DA:397,1
DA:398,1
DA:411,2
LF:167
LH:152
end_of_record
SF:lib\presentation\pages\watchlist_series_page.dart
DA:9,1
DA:12,1
DA:13,1
DA:18,1
DA:20,1
DA:21,1
DA:22,5
DA:25,1
DA:27,1
DA:28,4
DA:31,0
DA:33,0
DA:36,1
DA:38,1
DA:39,1
DA:42,1
DA:44,1
DA:45,1
DA:46,1
DA:50,1
DA:51,1
DA:52,1
DA:53,2
DA:54,1
DA:56,2
DA:58,1
DA:59,1
DA:61,2
DA:64,1
DA:65,1
DA:84,1
DA:86,2
DA:87,1
LF:33
LH:31
end_of_record
