SF:lib\main.dart
DA:39,1
DA:40,1
DA:42,1
DA:44,1
DA:45,2
DA:49,1
DA:51,1
DA:52,1
DA:53,1
DA:54,3
DA:56,1
DA:57,3
DA:59,1
DA:60,3
DA:62,1
DA:63,0
DA:65,1
DA:66,0
DA:68,1
DA:69,0
DA:72,1
DA:73,0
DA:75,1
DA:76,0
DA:78,1
DA:79,0
DA:81,1
DA:82,0
DA:84,1
DA:85,0
DA:87,1
DA:88,0
DA:90,1
DA:91,0
DA:93,1
DA:94,0
DA:96,1
DA:97,0
DA:100,1
DA:102,2
DA:106,1
DA:108,1
DA:109,2
DA:110,0
DA:111,0
DA:112,0
DA:113,0
DA:114,0
DA:115,0
DA:116,0
DA:117,0
DA:118,0
DA:119,0
DA:120,0
DA:121,0
DA:122,0
DA:123,0
DA:124,0
DA:125,0
DA:126,0
DA:127,0
DA:130,0
DA:131,0
DA:132,0
DA:133,0
DA:134,0
DA:135,0
DA:136,0
DA:137,0
DA:138,0
DA:139,0
DA:140,0
DA:141,0
DA:142,0
DA:143,0
DA:144,0
DA:145,0
DA:148,0
DA:149,0
DA:150,0
DA:151,0
DA:152,0
DA:153,0
DA:154,0
DA:155,0
DA:159,0
DA:160,0
DA:162,0
DA:163,0
DA:164,0
DA:165,0
LF:91
LH:31
end_of_record
SF:lib\injection.dart
DA:48,3
DA:50,1
DA:52,6
DA:53,6
DA:54,6
DA:55,2
DA:56,2
DA:57,2
DA:58,0
DA:59,0
DA:60,0
DA:61,0
DA:62,0
DA:63,0
DA:68,2
DA:69,2
DA:70,2
DA:71,2
DA:72,2
DA:73,2
DA:74,2
DA:75,0
DA:76,0
DA:77,0
DA:78,0
DA:81,2
DA:82,2
DA:85,6
DA:86,6
DA:87,6
DA:88,2
DA:89,2
DA:90,2
DA:91,2
DA:92,2
DA:93,2
DA:94,2
DA:97,2
DA:98,2
DA:99,2
DA:100,2
DA:101,2
DA:102,2
DA:103,2
DA:104,2
DA:105,2
DA:106,2
DA:109,2
DA:110,2
DA:111,2
DA:112,2
DA:115,2
DA:116,0
DA:117,0
DA:118,0
DA:123,2
DA:124,4
DA:125,2
DA:126,4
DA:127,2
DA:128,0
DA:129,2
DA:130,0
DA:133,4
DA:136,4
LF:65
LH:50
end_of_record
